[www.quizamazonopennow.com/index.html]
[backblue.gif]
[fade.gif]
[index.html]
[connect.facebook.net/en_US/fbevents.js]
[cdn.utmify.com.br/scripts/utms/latest.js]
[cdn.utmify.com.br/scripts/pixel/pixel.js]
[www.quizamazonopennow.com/assets/index-B_ftFdO6.js]
[www.quizamazonopennow.com/assets/index-DWC34VYY.css]
[www.quizamazonopennow.com/index.html]
[www.quizamazonopennow.com/_flock.js]
[www.quizamazonopennow.com/t.html]
[www.quizamazonopennow.com/signals/config/index.html]
[www.quizamazonopennow.com/e.html]
[www.quizamazonopennow.com/signals/plugins/index.html]
[www.quizamazonopennow.com/schema.org/index.html]
[www.quizamazonopennow.com/o.html]
[connect.facebook.net/en_US/fbevents.js]
[www.quizamazonopennow.com/assets/index-DWC34VYY.css]
[www.quizamazonopennow.com/signals/config/index.html]
[www.quizamazonopennow.com/t.html]
[www.quizamazonopennow.com/e.html]
[www.quizamazonopennow.com/signals/plugins/index.html]
[www.quizamazonopennow.com/schema.org/index.html]
[www.quizamazonopennow.com/t.resolvedLink]
[www.quizamazonopennow.com/o.html]
[www.quizamazonopennow.com/signals/iwl.js]
[www.quizamazonopennow.com/signals/iwl0fc5.js]
[www.quizamazonopennow.com/n.dl]
[www.quizamazonopennow.com/n.rl]
